Difficulty: 4
Human Move:22-17
Computer Move:11-15
Human Move:17-13
Computer move: 15-18
Human Move:23x14
Computer move: 10x17
Human Move:21x14
Computer move: 9x18
Human Move:26-23
Computer move: 12-16
Human Move:5-1
Computer move: 32-28
Human Move:1-6
Computer move: 28-24
Human Move:6-10
Computer move: 24-20
Human Move:13-9
Computer move: 20-16
Human Move:9-6
Computer move: 19-24
Human Move:6-2
Computer move: 24-28
Human Move:22-17
Computer move: 28-32
Human Move:17-13
Computer move: 32-28
Human Move:13-9
Computer move: 28-24
Human Move:9-5
Computer move: 24-20
Human Move:5-1
Computer move: 20-24
Human Move:10-15
Computer move: 24-20
Human Move:2-7
Computer move: 20-24
Human Move:15-11
Computer move: 24-20
Human Move:26-22
Computer move: 16-12
Human Move:7-3
Computer move: 20-24
Human Move:1-6
Computer move: 24-20
Human Move:6-10
Computer move: 20-24
Human Move:10-15
Computer move: 24-20
Human Move:15-19
Computer move: 20-16
Human Move:11x20
Computer move: 12-8
Human Move:3x12
Computer move: 
