Difficulty: 1
Human Move:22-18
Computer move: 32-28
Human Move:18-14
Computer move: 28-24
Human Move:14-10
Computer move: 24-20
Human Move:10-7
Computer move: 20-16
Human Move:7-2
Computer move: 19-24
Human Move:26-22
Computer move: 24-28
Human Move:22-18
Computer move: 28-32
Human Move:18-14
Computer move: 32-28
Human Move:14-10
Computer move: 28-24
Human Move:10-7
Computer move: 24-20
Human Move:7-3
Computer move: 20-24
Human Move:3-7
Computer move: 24-20
Human Move:7-11
Computer move: 16x7
Human Move:2x11
Computer move: 20-24
Human Move:11-15
Computer move: 24-20
Human Move:15-19
Computer move: 20-16
Human Move:19x12
Computer move: 
Human Move:26-23
Computer move: 19x26
Human Move:22-18
Computer move: 32-28
Human Move:5-1
Computer move: 28-24
Human Move:1-6
Computer move: 26-31
Human Move:6-2
Computer move: 31-27
Human Move:2-7
Computer move: 27-23
Human Move:7-10
Computer move: 23x14x7
Human Move:13-9
Computer move: 24-20
Human Move:9-6
Computer move: 20-16
Human Move:6-2
Computer move: 16-11
Human Move:2-6
Computer move: 11-8
Human Move:6-10
Computer move: 7x14
