Difficulty: 4
Human Move:24-19
Computer Move:11-15
Human Move:23-18
Computer move: 15x24
Human Move:27x20
Computer move: 12-16
Human Move:20x11
Computer move: 8x15
Human Move:18x11
Computer move: 7x16
Human Move:22-18
Computer move: 32-28
Human Move:18-14
Computer move: 28-24
Human Move:14-10
Computer move: 24-20
Human Move:26-22
Computer move: 20-16
Human Move:10-7
Computer move: 19-24
Human Move:7-3
Computer move: 24-28
Human Move:5-1
Computer move: 28-32
Human Move:13-9
Computer move: 32-28
Human Move:9-6
Computer move: 28-24
Human Move:6-2
Computer move: 24-20
