Difficulty: 4
Human Move:24-19
Computer Move:11-15
Human Move:23-18
Computer move: 15x24
Human Move:27x20
Computer move: 12-16
Human Move:20x11
Computer move: 8x15
Human Move:18x11
Computer move: 7x16
Human Move:31-27
Computer move: 16-20
Human Move:22-17
Computer move: 10-15
Human Move:17-13
Computer move: 15-18
Human Move:26-22
Computer move: 18-23
Human Move:27x18
Computer move: 9-14
Human Move:18x9
Computer move: 5x14
Human Move:30-26
Computer move: 14-18
Human Move:22x15
Computer move: 6-10
Human Move:15x6
Computer move: 2x9
Human Move:13x6
Computer move: 1x10
Human Move:26-23
Computer move: 10-15
Human Move:21-17
Computer move: 4-8
Human Move:17-13
Computer move: 8-12
Human Move:13-9
Computer move: 15-19
Human Move:23x16
Computer move: 12x19
Human Move:9-6
Computer move: 19-23
Human Move:6-2
Computer move: 23-26
Human Move:25-22
Computer move: 26-31
Human Move:32-27
Computer move: 31x24
Human Move:28x19
Computer move: 20-24
Human Move:19-16
Computer move: 24-28
Human Move:22-17
Computer move: 28-32
Human Move:17-14
Computer move: 32-28
Human Move:14-9
Computer move: 28-24
Human Move:9-5
Computer move: 24-20
Human Move:16-12
Computer move: 20-16
Human Move:5-1
Computer move: 16-11
Human Move:29-25
Computer move: 11-8
Human Move:25-22
Computer move: 8-11
Human Move:22-18
Computer move: 11-16
Human Move:18-15
Computer move: 16-20
Human Move:15-11
Computer move: 20-24
Human Move:11-8
Computer move: 24-20
Human Move:8-4
Computer move: 20-16
Human Move:4-8
Computer move: 16-20
Human Move:8-11
Computer move: 20-24
Human Move:11-15
Computer move: 24-20
Human Move:2-6
Computer move: 20-16
Human Move:1-5
Computer move: 16-20
Human Move:5-9
Computer move: 20-16
Human Move:9-14
Computer move: 16-20
Human Move:14-18
Computer move: 20-16
Human Move:18-23
Computer move: 16-20
Human Move:23-27
Computer move: 3-7
Human Move:6-2
Computer move: 7-10
Human Move:15x6
Computer move: 20-16
Human Move:12-8
Computer move: 16-12
Human Move:8-3
Computer move: 12-8
Human Move:3x12
Computer move: 
