Difficulty: 1
Human Move:22-17
Computer Move:11-15
Human Move:17-13
Computer move: 12-16
Human Move:21-17
Computer move: 16-20
Human Move:25-21
Computer move: 9-14
Human Move:29-25
Computer move: 15-18
Human Move:26-22
Computer move: 10-15
Human Move:17x10
Computer move: 7x14
Human Move:21-17
Computer move: 14x21
Human Move:23x14
Computer move: 8-12
Human Move:22-17
Computer move: 15-18
Human Move:31-26
Computer move: 12-16
Human Move:26-22
Computer move: 18-23
Human Move:27x18
Computer move: 20x27
Human Move:32x23
Computer move: 16-20
Human Move:14-9
Computer move: 5x14
Human Move:18x9
Computer move: 6-10
Human Move:23-19
Computer move: 20-24
Human Move:22-18
Computer move: 24-27
Human Move:18-15
Computer move: 1-6
Human Move:9-5
Computer move: 27-32
Human Move:5-1
Computer move: 32-27
Human Move:17-14
Computer move: 10x17
Human Move:1x10
Computer move: 27-24
Human Move:19-16
Computer move: 24-20
Human Move:16-12
Computer move: 20-16
Human Move:10-14
Computer move: 16-20
Human Move:13-9
Computer move: 20-16
Human Move:9-5
Computer move: 16-20
Human Move:5-1
Computer move: 20-16
Human Move:15-10
Computer move: 16-11
Human Move:28-24
Computer move: 11-8
Human Move:24-20
Computer move: 8-11
Human Move:1-5
Computer move: 11-8
Human Move:20-16
Computer move: 2-7
Human Move:14-9
Computer move: 7x14
Human Move:9x18
Computer move: 17-22
Human Move:18-14
Computer move: 22x29
Human Move:14-10
Computer move: 29-25
Human Move:5-9
Computer move: 25-22
Human Move:9-14
Computer move: 22-17
Human Move:14-9
Computer move: 17-13
Human Move:9-6
Computer move: 13-17
Human Move:6-9
Computer move: 17-13
Human Move:9-6
Computer move: 13-17
Human Move:10-7
Computer move: 3x10
Human Move:6x15
Computer move: 8-3
Human Move:15-10
Computer move: 17-13
Human Move:16-11
Computer move: 13-9
Human Move:10-15
Computer move: 9-6
Human Move:15-18
Computer move: 6-2
Human Move:18-14
Computer move: 3-7
Human Move:12-8
Computer move: 7x16
Human Move:8-3
Computer move: 16-12
Human Move:14-9
Computer move: 12-16
Human Move:9-5
Computer move: 16-12
Human Move:5-1
Computer move: 12-16
Human Move:1-5
Computer move: 16-12
Human Move:5-9
Computer move: 12-16
Human Move:9-14
Computer move: 16-12
Human Move:14-10
Computer move: 12-16
Human Move:10-15
Computer move: 16-12
Human Move:15-11
Computer move: 2-6
Human Move:11-7
Computer move: 12-16
Human Move:7-2
Computer move: 6-1
Human Move:2-7
Computer move: 16-12
Human Move:7-2
Computer move: 12-16
Human Move:2-7
Computer move: 16-12
Human Move:7-2
Computer move: 12-16
Human Move:2-7
Computer move: 16-12
Human Move:7-10
Computer move: 12-16
Human Move:10-14
Computer move: 16-12
Human Move:14-9
Computer move: 12-16
Human Move:9-14
Computer move: 16-12
Human Move:14-10
Computer move: 12-16
Human Move:3-7
Computer move: 16-12
Human Move:7-11
Computer move: 12-8
Human Move:11-7
Computer move: 8-3
Human Move:7-11
Computer move: 3-8
Human Move:11-16
Computer move: 8-3
Human Move:16-12
Computer move: 4-8
Human Move:12-16
Computer move: 8-12
Human Move:16-19
Computer move: 3-8
Human Move:10-15
Computer move: 8-4
Human Move:15-11
Computer move: 1-6
Human Move:11-7
Computer move: 6-2
Human Move:7-10
Computer move: 4-8
Human Move:10-14
Computer move: 8-4
Human Move:14-9
Computer move: 4-8
Human Move:9-14
Computer move: 8-4
Human Move:14-18
Computer move: 4-8
Human Move:18-15
Computer move: 8-4
Human Move:15-11
Computer move: 2-6
Human Move:11-7
Computer move: 6-2
Human Move:7-11
Computer move: 2-6
Human Move:11-7
Computer move: 6-2
Human Move:7-3
Computer move: 4-8
Human Move:19-15
Computer move: 8-4
Human Move:15-19
Computer move: 4-8
Human Move:19-15
Computer move: 8-4
Human Move:15-19
Computer move: 4-8
Human Move:19-15
Computer move: 8-4
Human Move:15-11
Computer move: 2-6
Human Move:3-7
Computer move: 6-2
Human Move:7-10
Computer move: 21-25
Human Move:30x21
Computer move: 12-16
Human Move:11x20
Computer move: 4-8
Human Move:21-17
Computer move: 8-4
Human Move:17-13
Computer move: 4-8
Human Move:13-9
Computer move: 8-4
Human Move:9-5
Computer move: 4-8
Human Move:20-16
Computer move: 8-4
Human Move:16-12
Computer move: 4-8
Human Move:12x3
Computer move: 2-7
Human Move:10-15
Computer move: 7-2
Human Move:5-1
Computer move: 2-7
Human Move:3x10
Computer move: 
