Human Move:21-17
Computer Move:9-13
Human Move:24-20
Computer move: 12-16
Human Move:22-18
Computer move: 13x22
Human Move:26x17
Computer move: 11-15
Human Move:18x11
Computer move: 8x15
Human Move:20x11
Computer move: 7x16
Human Move:17-13
Computer move: 16-20
Human Move:28-24
Computer move: 10-14
Human Move:25-21
Computer move: 15-18
Human Move:23-19
Computer move: 14-17
Human Move:21x14
Computer move: 6-9
Human Move:13x6
Computer move: 1x10x17
Human Move:19-15
Computer move: 5-9
Human Move:15-10
Computer move: 9-14
Human Move:24-19
Computer move: 17-21
Human Move:19-16
Computer move: 18-22
Human Move:16-12
Computer move: 14-17
Human Move:32-28
Computer move: 4-8
Human Move:27-23
Computer move: 8-11
Human Move:23-18
Computer move: 11-16
Human Move:18-14
Computer move: 20-24
Human Move:28x19
Computer move: 16x23
Human Move:14-9
Computer move: 23-26
Human Move:30x23
Computer move: 21-25
Human Move:9-5
Computer move: 25-30
Human Move:5-1
Computer move: 30-26
Human Move:23-18
Computer move: 26-23
Human Move:18-15
Computer move: 23-19
Human Move:15-11
Computer move: 19-16
Human Move:11-8
Computer move: 17-21
Human Move:8-4
Computer move: 21-25
Human Move:31-26
Computer move: 22x31
Human Move:29x22
Computer move: 31-27
Human Move:1-5
Computer move: 27-24
Human Move:5-9
Computer move: 24-20
Human Move:10-6
Computer move: 20-24
Human Move:6-1
Computer move: 24-20
Human Move:22-17
Computer move: 20-24
Human Move:17-13
Computer move: 24-20
Human Move:9-14
Computer move: 20-24
Human Move:13-9
Computer move: 24-20
Human Move:14-18
Computer move: 20-24
Human Move:18-22
Computer move: 24-20
Human Move:22-17
Computer move: 20-24
Human Move:17-13
Computer move: 24-20
Human Move:13-17
Computer move: 20-24
Human Move:17-14
Computer move: 24-20
Human Move:1-6
Computer move: 20-24
Human Move:9-5
Computer move: 2x9x18
Human Move:5-1
Computer move: 18-23
