Difficulty: 4
Human Move:23-18
Computer Move:12-16
Human Move:24-20
Computer move: 16-19
Human Move:18-14
Computer move: 10x17
Human Move:21x14
Computer move: 9x18
Human Move:22x15
Computer move: 11x18
Human Move:26-23
Computer move: 19x26
Human Move:30x23x14
Computer move: 8-12
Human Move:25-21
Computer move: 6-9
Human Move:29-25
Computer move: 9x18
Human Move:31-26
Computer move: 7-10
Human Move:26-22
Computer move: 10-15
Human Move:22-17
Computer move: 15-19
Human Move:27-24
Computer move: 19-23
Human Move:20-16
Computer move: 12x19
Human Move:24x15
Computer move: 23-26
Human Move:32-27
Computer move: 26-31
Human Move:17-13
Computer move: 31x24
Human Move:28x19
Computer move: 18-23
Human Move:25-22
Computer move: 23-27
Human Move:22-17
Computer move: 27-32
Human Move:15-10
Computer move: 2-6
Human Move:19-15
Computer move: 32-28
Human Move:15-11
Computer move: 6x15
Human Move:11-7
Computer move: 3x10
