Difficulty: 4
Human Move:22-18
Computer Move:10-14
Human Move:25-22
Computer move: 12-16
Human Move:22-17
Computer move: 16-20
Human Move:17x10
Computer move: 7x14
Human Move:29-25
Computer move: 11-16
Human Move:25-22
Computer move: 8-12
Human Move:22-17
Computer move: 9-13
Human Move:17x10
Computer move: 6x15x22
Human Move:26x17
Computer move: 13x22
Human Move:21-17
Computer move: 5-9
Human Move:24-19
Computer move: 9-13
Human Move:28-24
Computer move: 22-25
Human Move:30x21
Computer move: 13x22
Human Move:21-17
Computer move: 22-25
Human Move:17-14
Computer move: 25-30
Human Move:14-9
Computer move: 30-25
Human Move:31-26
Computer move: 1-5
Human Move:9-6
Computer move: 2x9
Human Move:26-22
Computer move: 25x18
Human Move:23x14
Computer move: 9x18
Human Move:19-15
Computer move: 18-22
Human Move:15-10
Computer move: 22-26
Human Move:10-6
Computer move: 26-31
Human Move:6-1
Computer move: 31-26
Human Move:1-6
Computer move: 26-22
Human Move:6-10
Computer move: 22-18
Human Move:10-6
Computer move: 18-15
Human Move:32-28
Computer move: 3-8
Human Move:6-2
Computer move: 15-11
Human Move:2-6
Computer move: 11-7
Human Move:6-2
Computer move: 8-11
Human Move:2-6
Computer move: 11-15
Human Move:6-2
Computer move: 7-10
Human Move:2-7
Computer move: 10x3
Human Move:27-23
Computer move: 20x27
Human Move:28-24
Computer move: 16-19
Human Move:23x16
Computer move: 12x19x28
