Difficulty: 1
Human Move:23-18
Computer Move:12-16
Human Move:24-20
Computer move: 16-19
Human Move:21-17
Computer move: 10-15
Human Move:17-13
Computer move: 8-12
Human Move:25-21
Computer move: 12-16
Human Move:29-25
Computer move: 7-10
Human Move:22-17
Computer move: 15x22x29
Human Move:27-24
Computer move: 10-15
Human Move:32-27
Computer move: 29-25
Human Move:27-23
Computer move: 25-22
Human Move:23-18
Computer move: 22-25
Human Move:26-22
Computer move: 25-29
Human Move:30-25
Computer move: 19-23
Human Move:24-19
Computer move: 15x24
Human Move:28x19x12
Computer move: 23-26
Human Move:18-14
Computer move: 9x18
Human Move:22x15x8
Computer move: 29x22
Human Move:31-27
Computer move: 4x11
Human Move:27-23
Computer move: 26-31
Human Move:23-19
Computer move: 31-27
Human Move:19-16
Computer move: 11-15
Human Move:16-11
Computer move: 27-24
Human Move:11-8
Computer move: 24-19
Human Move:8-4
Computer move: 22-18
Human Move:20-16
Computer move: 19-24
Human Move:16-11
Computer move: 24-20
