Difficulty: 1
Human Move:21-17
Computer Move:9-13
Human Move:25-21
Computer move: 12-16
Human Move:22-18
Computer move: 13x22
Human Move:26x17
Computer move: 16-20
Human Move:29-25
Computer move: 11-16
Human Move:25-22
Computer move: 8-12
Human Move:17-13
Computer move: 7-11
Human Move:22-17
Computer move: 10-15
Human Move:18-14
Computer move: 15-18
Human Move:30-25
Computer move: 11-15
Human Move:14-9
Computer move: 5x14
Human Move:17x10
Computer move: 16-19
Human Move:23x14
Computer move: 12-16
Human Move:25-22
Computer move: 4-8
Human Move:31-26
Computer move: 8-12
Human Move:27-23
Computer move: 20x27
Human Move:23-18
Computer move: 27-31
Human Move:18x11
Computer move: 6x15
Human Move:11-8
Computer move: 16-20
Human Move:8-4
Computer move: 20-24
Human Move:4-8
Computer move: 12-16
Human Move:8-11
Computer move: 31-27
Human Move:11x18
Computer move: 27-31
Human Move:18-23
Computer move: 31-27
Human Move:23-18
Computer move: 27-31
Human Move:32-27
Computer move: 16-20
Human Move:18-23
Computer move: 3-8
Human Move:23x16
Computer move: 8-12
Human Move:28x19
Computer move: 31x24x15
Human Move:14-9
Computer move: 12x19
Human Move:21-17
Computer move: 20-24
Human Move:17-14
Computer move: 24-28
Human Move:14-10
Computer move: 15x6
Human Move:9-5
Computer move: 28-32
Human Move:5-1
Computer move: 32-28
Human Move:13-9
Computer move: 28-24
Human Move:9-6
Computer move: 24-20
Human Move:6-2
Computer move: 20-16
Human Move:22-17
Computer move: 19-24
Human Move:17-14
Computer move: 24-28
Human Move:14-10
Computer move: 28-32
Human Move:10-7
Computer move: 32-28
Human Move:7-3
Computer move: 28-24
Human Move:3-7
Computer move: 24-20
Human Move:7-11
Computer move: 16x7
Human Move:2x11
Computer move: 20-24
Human Move:11-16
Computer move: 24-20
Human Move:16-19
Computer move: 20-16
Human Move:19x12
Computer move: 
