Difficulty: 4
Human Move:23-18
Computer Move:12-16
Human Move:18-15
Computer move: 11x18
Human Move:22x15
Computer move: 10x19
Human Move:24x15
Computer move: 16-20
Human Move:28-24
Computer move: 9-14
Human Move:26-22
Computer move: 14-17
Human Move:21x14
Computer move: 7-10
Human Move:14x7
Computer move: 3x10x19x28
Human Move:31-26
Computer move: 8-12
Human Move:27-23
Computer move: 20-24
Human Move:32-27
Computer move: 24x31
Human Move:23-18
Computer move: 31-27
Human Move:25-21
Computer move: 28-32
Human Move:26-23
Computer move: 32-28
Human Move:18-15
Computer move: 27x18x11
Human Move:22-18
Computer move: 28-24
Human Move:18-15
Computer move: 11x18
Human Move:29-25
Computer move: 6-9
Human Move:25-22
Computer move: 18x25
Human Move:21-17
Computer move: 25-22
Human Move:17-14
Computer move: 9x18
Human Move:30-25
Computer move: 22x29
