Difficulty: 4
Human Move:22-17
Computer Move:11-15
Human Move:25-22
Computer move: 10-14
Human Move:17x10
Computer move: 7x14
Human Move:22-17
Computer move: 15-18
Human Move:17x10
Computer move: 6x15
Human Move:23x14
Computer move: 9x18
Human Move:26-23
Computer move: 18-22
Human Move:30-26
Computer move: 22-25
Human Move:29x22
Computer move: 8-11
Human Move:22-18
Computer move: 15x22
Human Move:26x17
Computer move: 12-16
Human Move:17-13
Computer move: 16-20
Human Move:31-26
Computer move: 11-15
Human Move:26-22
Computer move: 5-9
Human Move:13x6
Computer move: 1x10
Human Move:23-19
Computer move: 4-8
Human Move:22-17
Computer move: 15-18
Human Move:17-13
Computer move: 18-22
Human Move:13-9
Computer move: 22-26
Human Move:9-5
Computer move: 26-30
Human Move:5-1
Computer move: 30-26
Human Move:21-17
Computer move: 26-22
Human Move:17-13
Computer move: 22-18
Human Move:13-9
Computer move: 18-15
Human Move:9-5
Computer move: 8-12
Human Move:27-23
Computer move: 20x27
Human Move:23-18
Computer move: 15x22
