Difficulty: 1
Human Move:22-17
Computer Move:11-15
Human Move:17-13
Computer move: 12-16
Human Move:24-19
Computer move: 15x24
Human Move:28x19x12
Computer move: 10-15
Human Move:23-18
Computer move: 15x22
Human Move:25x18
Computer move: 8-11
Human Move:26-23
Computer move: 11-16
Human Move:18-14
Computer move: 9x18
Human Move:23x14
Computer move: 16-20
Human Move:29-25
Computer move: 7-11
Human Move:25-22
Computer move: 11-16
Human Move:22-17
Computer move: 16-19
Human Move:14-9
Computer move: 5x14
Human Move:17x10
Computer move: 6x15
Human Move:32-28
Computer move: 15-18
Human Move:27-24
Computer move: 20x27
Human Move:31x24x15
Computer move: 18-23
Human Move:21-17
Computer move: 23-27
Human Move:17-14
Computer move: 27-32
Human Move:14-9
Computer move: 32-27
Human Move:15-10
Computer move: 27-23
Human Move:9-6
Computer move: 2x9
Human Move:13x6
Computer move: 23-19
Human Move:6-2
Computer move: 19-16
Human Move:30-25
Computer move: 16-11
Human Move:25-21
Computer move: 11-8
Human Move:21-17
Computer move: 8-11
Human Move:17-13
Computer move: 11-8
Human Move:13-9
Computer move: 8-11
Human Move:9-6
Computer move: 11-8
Human Move:2-7
Computer move: 1-5
Human Move:6-1
Computer move: 5-9
Human Move:10-6
Computer move: 3x10
Human Move:12x3
Computer move: 10-15
Human Move:1-5
Computer move: 15-19
Human Move:5x14
Computer move: 19-24
Human Move:28x19
Computer move: 4-8
Human Move:3x12
Computer move: 
